digraph Tree {
node [shape=box] ;
0 [label="X[4] <= 0.167\ngini = 0.327\nsamples = 16132\nvalue = [12895, 2948, 289]"] ;
1 [label="X[5] <= 0.043\ngini = 0.493\nsamples = 7200\nvalue = [4428, 2572, 200]"] ;
0 -> 1 [labeldistance=2.5, labelangle=45, headlabel="True"] ;
2 [label="X[0] <= 0.167\ngini = 0.524\nsamples = 5702\nvalue = [3072, 2448, 182]"] ;
1 -> 2 ;
3 [label="X[2] <= 0.439\ngini = 0.536\nsamples = 3089\nvalue = [1419, 1548, 122]"] ;
2 -> 3 ;
4 [label="(...)"] ;
3 -> 4 ;
1125 [label="(...)"] ;
3 -> 1125 ;
1566 [label="X[8] <= 0.318\ngini = 0.481\nsamples = 2613\nvalue = [1653, 900, 60]"] ;
2 -> 1566 ;
1567 [label="(...)"] ;
1566 -> 1567 ;
1872 [label="(...)"] ;
1566 -> 1872 ;
2783 [label="X[2] <= 0.354\ngini = 0.174\nsamples = 1498\nvalue = [1356, 124, 18]"] ;
1 -> 2783 ;
2784 [label="X[7] <= 0.086\ngini = 0.097\nsamples = 927\nvalue = [880, 44, 3]"] ;
2783 -> 2784 ;
2785 [label="(...)"] ;
2784 -> 2785 ;
2930 [label="(...)"] ;
2784 -> 2930 ;
2943 [label="X[1] <= 0.05\ngini = 0.285\nsamples = 571\nvalue = [476, 80, 15]"] ;
2783 -> 2943 ;
2944 [label="(...)"] ;
2943 -> 2944 ;
2969 [label="(...)"] ;
2943 -> 2969 ;
3122 [label="X[4] <= 0.5\ngini = 0.1\nsamples = 8932\nvalue = [8467, 376, 89]"] ;
0 -> 3122 [labeldistance=2.5, labelangle=-45, headlabel="False"] ;
3123 [label="X[7] <= 0.024\ngini = 0.043\nsamples = 8364\nvalue = [8181, 179, 4]"] ;
3122 -> 3123 ;
3124 [label="X[3] <= 0.966\ngini = 0.076\nsamples = 2529\nvalue = [2429, 98, 2]"] ;
3123 -> 3124 ;
3125 [label="(...)"] ;
3124 -> 3125 ;
3450 [label="(...)"] ;
3124 -> 3450 ;
3451 [label="X[6] <= 0.074\ngini = 0.028\nsamples = 5835\nvalue = [5752, 81, 2]"] ;
3123 -> 3451 ;
3452 [label="(...)"] ;
3451 -> 3452 ;
3691 [label="(...)"] ;
3451 -> 3691 ;
3758 [label="X[4] <= 0.833\ngini = 0.604\nsamples = 568\nvalue = [286, 197, 85]"] ;
3122 -> 3758 ;
3759 [label="X[3] <= 0.375\ngini = 0.63\nsamples = 470\nvalue = [192, 195, 83]"] ;
3758 -> 3759 ;
3760 [label="(...)"] ;
3759 -> 3760 ;
3763 [label="(...)"] ;
3759 -> 3763 ;
4002 [label="X[1] <= 0.057\ngini = 0.079\nsamples = 98\nvalue = [94, 2, 2]"] ;
3758 -> 4002 ;
4003 [label="(...)"] ;
4002 -> 4003 ;
4014 [label="(...)"] ;
4002 -> 4014 ;
}